<?xml version="1.0" encoding="UTF-8"?>
<!-- Generated by org.testng.reporters.JUnitXMLReporter -->
<testsuite ignored="0" hostname="Yasar" failures="0" tests="4" name="Default test" time="6.343" errors="0" timestamp="2023-05-11T16:59:34 EDT">
  <testcase classname="api.test.UserTests" name="testPostUser" time="3.441"/>
  <testcase classname="api.test.UserTests" name="testGetUser" time="0.208"/>
  <testcase classname="api.test.UserTests" name="testUpdateUser" time="0.366"/>
  <testcase classname="api.test.UserTests" name="testDeleteUser" time="0.169"/>
</testsuite> <!-- Default test -->
