<?xml version="1.0" encoding="UTF-8"?>
<!-- Generated by org.testng.reporters.JUnitXMLReporter -->
<testsuite ignored="0" hostname="Yasar" failures="0" tests="15" name="Default test" time="17.408" errors="0" timestamp="2023-05-12T00:45:49 EDT">
  <testcase classname="api.test.DataDrivenUserTest" name="testCreateUser" time="6.015"/>
  <testcase classname="api.test.DataDrivenUserTest" name="testCreateUser" time="0.19"/>
  <testcase classname="api.test.DataDrivenUserTest" name="testCreateUser" time="0.193"/>
  <testcase classname="api.test.DataDrivenUserTest" name="testCreateUser" time="0.24"/>
  <testcase classname="api.test.DataDrivenUserTest" name="testCreateUser" time="0.247"/>
  <testcase classname="api.test.DataDrivenUserTest" name="testReadUser" time="0.296"/>
  <testcase classname="api.test.DataDrivenUserTest" name="testReadUser" time="0.202"/>
  <testcase classname="api.test.DataDrivenUserTest" name="testReadUser" time="0.249"/>
  <testcase classname="api.test.DataDrivenUserTest" name="testReadUser" time="0.254"/>
  <testcase classname="api.test.DataDrivenUserTest" name="testReadUser" time="0.211"/>
  <testcase classname="api.test.DataDrivenUserTest" name="testDeleteUser" time="0.19"/>
  <testcase classname="api.test.DataDrivenUserTest" name="testDeleteUser" time="0.185"/>
  <testcase classname="api.test.DataDrivenUserTest" name="testDeleteUser" time="0.197"/>
  <testcase classname="api.test.DataDrivenUserTest" name="testDeleteUser" time="0.191"/>
  <testcase classname="api.test.DataDrivenUserTest" name="testDeleteUser" time="0.182"/>
</testsuite> <!-- Default test -->
