<?xml version="1.0" encoding="UTF-8"?>
<!-- Generated by org.testng.reporters.JUnitXMLReporter -->
<testsuite ignored="0" hostname="Yasar" failures="0" tests="19" name="PetTest" time="14.731" errors="0" timestamp="2023-05-12T12:10:16 EDT">
  <testcase classname="api.test.UserTests" name="testPostUser" time="5.199"/>
  <testcase classname="api.test.UserTests" name="testGetUser" time="0.261"/>
  <testcase classname="api.test.UserTests" name="testUpdateUser" time="0.484"/>
  <testcase classname="api.test.UserTests" name="testDeleteUser" time="0.215"/>
  <testcase classname="api.test.DataDrivenUserTest" name="testCreateUser" time="0.237"/>
  <testcase classname="api.test.DataDrivenUserTest" name="testCreateUser" time="0.21"/>
  <testcase classname="api.test.DataDrivenUserTest" name="testCreateUser" time="0.25"/>
  <testcase classname="api.test.DataDrivenUserTest" name="testCreateUser" time="0.235"/>
  <testcase classname="api.test.DataDrivenUserTest" name="testCreateUser" time="0.209"/>
  <testcase classname="api.test.DataDrivenUserTest" name="testReadUser" time="0.184"/>
  <testcase classname="api.test.DataDrivenUserTest" name="testReadUser" time="0.194"/>
  <testcase classname="api.test.DataDrivenUserTest" name="testReadUser" time="0.197"/>
  <testcase classname="api.test.DataDrivenUserTest" name="testReadUser" time="0.191"/>
  <testcase classname="api.test.DataDrivenUserTest" name="testReadUser" time="0.187"/>
  <testcase classname="api.test.DataDrivenUserTest" name="testDeleteUser" time="0.235"/>
  <testcase classname="api.test.DataDrivenUserTest" name="testDeleteUser" time="0.215"/>
  <testcase classname="api.test.DataDrivenUserTest" name="testDeleteUser" time="0.199"/>
  <testcase classname="api.test.DataDrivenUserTest" name="testDeleteUser" time="0.208"/>
  <testcase classname="api.test.DataDrivenUserTest" name="testDeleteUser" time="0.182"/>
</testsuite> <!-- PetTest -->
