<?xml version="1.0" encoding="UTF-8"?>
<testng-results ignored="0" total="4" passed="4" failed="0" skipped="0">
  <reporter-output>
  </reporter-output>
  <suite started-at="2023-05-11T16:59:27 EDT" name="Default suite" finished-at="2023-05-11T16:59:34 EDT" duration-ms="6343">
    <groups>
    </groups>
    <test started-at="2023-05-11T16:59:27 EDT" name="Default test" finished-at="2023-05-11T16:59:34 EDT" duration-ms="6343">
      <class name="api.test.UserTests">
        <test-method is-config="true" signature="setUpData()[pri:0, instance:api.test.UserTests@478190fc]" started-at="2023-05-11T16:59:28 EDT" name="setUpData" finished-at="2023-05-11T16:59:30 EDT" duration-ms="2009" status="PASS">
          <reporter-output>
          </reporter-output>
        </test-method> <!-- setUpData -->
        <test-method signature="testPostUser()[pri:1, instance:api.test.UserTests@478190fc]" started-at="2023-05-11T16:59:30 EDT" name="testPostUser" finished-at="2023-05-11T16:59:33 EDT" duration-ms="3441" status="PASS">
          <reporter-output>
          </reporter-output>
        </test-method> <!-- testPostUser -->
        <test-method signature="testGetUser()[pri:2, instance:api.test.UserTests@478190fc]" started-at="2023-05-11T16:59:33 EDT" name="testGetUser" finished-at="2023-05-11T16:59:33 EDT" duration-ms="208" status="PASS">
          <reporter-output>
          </reporter-output>
        </test-method> <!-- testGetUser -->
        <test-method signature="testUpdateUser()[pri:3, instance:api.test.UserTests@478190fc]" started-at="2023-05-11T16:59:33 EDT" name="testUpdateUser" finished-at="2023-05-11T16:59:34 EDT" duration-ms="366" status="PASS">
          <reporter-output>
          </reporter-output>
        </test-method> <!-- testUpdateUser -->
        <test-method signature="testDeleteUser()[pri:4, instance:api.test.UserTests@478190fc]" started-at="2023-05-11T16:59:34 EDT" name="testDeleteUser" finished-at="2023-05-11T16:59:34 EDT" duration-ms="169" status="PASS">
          <reporter-output>
          </reporter-output>
        </test-method> <!-- testDeleteUser -->
      </class> <!-- api.test.UserTests -->
    </test> <!-- Default test -->
  </suite> <!-- Default suite -->
</testng-results>
