<?xml version="1.0" encoding="UTF-8"?>
<testng-results ignored="0" total="19" passed="19" failed="0" skipped="0">
  <reporter-output>
  </reporter-output>
  <suite started-at="2023-05-12T12:10:00 EDT" name="PetTestSuite" finished-at="2023-05-12T12:10:15 EDT" duration-ms="14731">
    <groups>
    </groups>
    <test started-at="2023-05-12T12:10:00 EDT" name="PetTest" finished-at="2023-05-12T12:10:15 EDT" duration-ms="14731">
      <class name="api.test.DataDrivenUserTest">
        <test-method signature="testCreateUser(java.lang.String,java.lang.String,java.lang.String,java.lang.String,java.lang.String,java.lang.String,java.lang.String)[pri:1, instance:api.test.DataDrivenUserTest@131774fe]" started-at="2023-05-12T12:10:12 EDT" name="testCreateUser" data-provider="Data" finished-at="2023-05-12T12:10:12 EDT" duration-ms="237" status="PASS">
          <params>
            <param index="0">
              <value>
                <![CDATA[12345678]]>
              </value>
            </param>
            <param index="1">
              <value>
                <![CDATA[abc123]]>
              </value>
            </param>
            <param index="2">
              <value>
                <![CDATA[12!!!@@#]]>
              </value>
            </param>
            <param index="3">
              <value>
                <![CDATA[Bailey]]>
              </value>
            </param>
            <param index="4">
              <value>
                <![CDATA[George]]>
              </value>
            </param>
            <param index="5">
              <value>
                <![CDATA[bailety@gmail.com]]>
              </value>
            </param>
            <param index="6">
              <value>
                <![CDATA[4567891231]]>
              </value>
            </param>
          </params>
          <reporter-output>
          </reporter-output>
        </test-method> <!-- testCreateUser -->
        <test-method signature="testCreateUser(java.lang.String,java.lang.String,java.lang.String,java.lang.String,java.lang.String,java.lang.String,java.lang.String)[pri:1, instance:api.test.DataDrivenUserTest@131774fe]" started-at="2023-05-12T12:10:12 EDT" name="testCreateUser" data-provider="Data" finished-at="2023-05-12T12:10:12 EDT" duration-ms="210" status="PASS">
          <params>
            <param index="0">
              <value>
                <![CDATA[98765432]]>
              </value>
            </param>
            <param index="1">
              <value>
                <![CDATA[123abc]]>
              </value>
            </param>
            <param index="2">
              <value>
                <![CDATA[13!!!@@#]]>
              </value>
            </param>
            <param index="3">
              <value>
                <![CDATA[Mathew]]>
              </value>
            </param>
            <param index="4">
              <value>
                <![CDATA[Wattem]]>
              </value>
            </param>
            <param index="5">
              <value>
                <![CDATA[mathew@gmail.com]]>
              </value>
            </param>
            <param index="6">
              <value>
                <![CDATA[3216549870]]>
              </value>
            </param>
          </params>
          <reporter-output>
          </reporter-output>
        </test-method> <!-- testCreateUser -->
        <test-method signature="testCreateUser(java.lang.String,java.lang.String,java.lang.String,java.lang.String,java.lang.String,java.lang.String,java.lang.String)[pri:1, instance:api.test.DataDrivenUserTest@131774fe]" started-at="2023-05-12T12:10:12 EDT" name="testCreateUser" data-provider="Data" finished-at="2023-05-12T12:10:12 EDT" duration-ms="250" status="PASS">
          <params>
            <param index="0">
              <value>
                <![CDATA[12385245]]>
              </value>
            </param>
            <param index="1">
              <value>
                <![CDATA[xyz123]]>
              </value>
            </param>
            <param index="2">
              <value>
                <![CDATA[14!!!@@#]]>
              </value>
            </param>
            <param index="3">
              <value>
                <![CDATA[ANdre]]>
              </value>
            </param>
            <param index="4">
              <value>
                <![CDATA[tate]]>
              </value>
            </param>
            <param index="5">
              <value>
                <![CDATA[andrew@gmail.com]]>
              </value>
            </param>
            <param index="6">
              <value>
                <![CDATA[4569871230]]>
              </value>
            </param>
          </params>
          <reporter-output>
          </reporter-output>
        </test-method> <!-- testCreateUser -->
        <test-method signature="testCreateUser(java.lang.String,java.lang.String,java.lang.String,java.lang.String,java.lang.String,java.lang.String,java.lang.String)[pri:1, instance:api.test.DataDrivenUserTest@131774fe]" started-at="2023-05-12T12:10:12 EDT" name="testCreateUser" data-provider="Data" finished-at="2023-05-12T12:10:13 EDT" duration-ms="235" status="PASS">
          <params>
            <param index="0">
              <value>
                <![CDATA[74125869]]>
              </value>
            </param>
            <param index="1">
              <value>
                <![CDATA[123xyz]]>
              </value>
            </param>
            <param index="2">
              <value>
                <![CDATA[15!!!@@#]]>
              </value>
            </param>
            <param index="3">
              <value>
                <![CDATA[Symonds]]>
              </value>
            </param>
            <param index="4">
              <value>
                <![CDATA[Andrew]]>
              </value>
            </param>
            <param index="5">
              <value>
                <![CDATA[symonds@gmail.com]]>
              </value>
            </param>
            <param index="6">
              <value>
                <![CDATA[7418529635]]>
              </value>
            </param>
          </params>
          <reporter-output>
          </reporter-output>
        </test-method> <!-- testCreateUser -->
        <test-method signature="testCreateUser(java.lang.String,java.lang.String,java.lang.String,java.lang.String,java.lang.String,java.lang.String,java.lang.String)[pri:1, instance:api.test.DataDrivenUserTest@131774fe]" started-at="2023-05-12T12:10:13 EDT" name="testCreateUser" data-provider="Data" finished-at="2023-05-12T12:10:13 EDT" duration-ms="209" status="PASS">
          <params>
            <param index="0">
              <value>
                <![CDATA[96385214]]>
              </value>
            </param>
            <param index="1">
              <value>
                <![CDATA[abcxyz123]]>
              </value>
            </param>
            <param index="2">
              <value>
                <![CDATA[16!!!@@#]]>
              </value>
            </param>
            <param index="3">
              <value>
                <![CDATA[Christopher]]>
              </value>
            </param>
            <param index="4">
              <value>
                <![CDATA[Thomas]]>
              </value>
            </param>
            <param index="5">
              <value>
                <![CDATA[chris@gmail.com]]>
              </value>
            </param>
            <param index="6">
              <value>
                <![CDATA[3692581470]]>
              </value>
            </param>
          </params>
          <reporter-output>
          </reporter-output>
        </test-method> <!-- testCreateUser -->
        <test-method signature="testReadUser(java.lang.String)[pri:2, instance:api.test.DataDrivenUserTest@131774fe]" started-at="2023-05-12T12:10:13 EDT" name="testReadUser" data-provider="UserNames" finished-at="2023-05-12T12:10:13 EDT" duration-ms="184" status="PASS">
          <params>
            <param index="0">
              <value>
                <![CDATA[abc123]]>
              </value>
            </param>
          </params>
          <reporter-output>
          </reporter-output>
        </test-method> <!-- testReadUser -->
        <test-method signature="testReadUser(java.lang.String)[pri:2, instance:api.test.DataDrivenUserTest@131774fe]" started-at="2023-05-12T12:10:13 EDT" name="testReadUser" data-provider="UserNames" finished-at="2023-05-12T12:10:13 EDT" duration-ms="194" status="PASS">
          <params>
            <param index="0">
              <value>
                <![CDATA[123abc]]>
              </value>
            </param>
          </params>
          <reporter-output>
          </reporter-output>
        </test-method> <!-- testReadUser -->
        <test-method signature="testReadUser(java.lang.String)[pri:2, instance:api.test.DataDrivenUserTest@131774fe]" started-at="2023-05-12T12:10:13 EDT" name="testReadUser" data-provider="UserNames" finished-at="2023-05-12T12:10:14 EDT" duration-ms="197" status="PASS">
          <params>
            <param index="0">
              <value>
                <![CDATA[xyz123]]>
              </value>
            </param>
          </params>
          <reporter-output>
          </reporter-output>
        </test-method> <!-- testReadUser -->
        <test-method signature="testReadUser(java.lang.String)[pri:2, instance:api.test.DataDrivenUserTest@131774fe]" started-at="2023-05-12T12:10:14 EDT" name="testReadUser" data-provider="UserNames" finished-at="2023-05-12T12:10:14 EDT" duration-ms="191" status="PASS">
          <params>
            <param index="0">
              <value>
                <![CDATA[123xyz]]>
              </value>
            </param>
          </params>
          <reporter-output>
          </reporter-output>
        </test-method> <!-- testReadUser -->
        <test-method signature="testReadUser(java.lang.String)[pri:2, instance:api.test.DataDrivenUserTest@131774fe]" started-at="2023-05-12T12:10:14 EDT" name="testReadUser" data-provider="UserNames" finished-at="2023-05-12T12:10:14 EDT" duration-ms="187" status="PASS">
          <params>
            <param index="0">
              <value>
                <![CDATA[abcxyz123]]>
              </value>
            </param>
          </params>
          <reporter-output>
          </reporter-output>
        </test-method> <!-- testReadUser -->
        <test-method signature="testDeleteUser(java.lang.String)[pri:3, instance:api.test.DataDrivenUserTest@131774fe]" started-at="2023-05-12T12:10:14 EDT" name="testDeleteUser" data-provider="UserNames" finished-at="2023-05-12T12:10:14 EDT" duration-ms="235" status="PASS">
          <params>
            <param index="0">
              <value>
                <![CDATA[abc123]]>
              </value>
            </param>
          </params>
          <reporter-output>
          </reporter-output>
        </test-method> <!-- testDeleteUser -->
        <test-method signature="testDeleteUser(java.lang.String)[pri:3, instance:api.test.DataDrivenUserTest@131774fe]" started-at="2023-05-12T12:10:14 EDT" name="testDeleteUser" data-provider="UserNames" finished-at="2023-05-12T12:10:15 EDT" duration-ms="215" status="PASS">
          <params>
            <param index="0">
              <value>
                <![CDATA[123abc]]>
              </value>
            </param>
          </params>
          <reporter-output>
          </reporter-output>
        </test-method> <!-- testDeleteUser -->
        <test-method signature="testDeleteUser(java.lang.String)[pri:3, instance:api.test.DataDrivenUserTest@131774fe]" started-at="2023-05-12T12:10:15 EDT" name="testDeleteUser" data-provider="UserNames" finished-at="2023-05-12T12:10:15 EDT" duration-ms="199" status="PASS">
          <params>
            <param index="0">
              <value>
                <![CDATA[xyz123]]>
              </value>
            </param>
          </params>
          <reporter-output>
          </reporter-output>
        </test-method> <!-- testDeleteUser -->
        <test-method signature="testDeleteUser(java.lang.String)[pri:3, instance:api.test.DataDrivenUserTest@131774fe]" started-at="2023-05-12T12:10:15 EDT" name="testDeleteUser" data-provider="UserNames" finished-at="2023-05-12T12:10:15 EDT" duration-ms="208" status="PASS">
          <params>
            <param index="0">
              <value>
                <![CDATA[123xyz]]>
              </value>
            </param>
          </params>
          <reporter-output>
          </reporter-output>
        </test-method> <!-- testDeleteUser -->
        <test-method signature="testDeleteUser(java.lang.String)[pri:3, instance:api.test.DataDrivenUserTest@131774fe]" started-at="2023-05-12T12:10:15 EDT" name="testDeleteUser" data-provider="UserNames" finished-at="2023-05-12T12:10:15 EDT" duration-ms="182" status="PASS">
          <params>
            <param index="0">
              <value>
                <![CDATA[abcxyz123]]>
              </value>
            </param>
          </params>
          <reporter-output>
          </reporter-output>
        </test-method> <!-- testDeleteUser -->
      </class> <!-- api.test.DataDrivenUserTest -->
      <class name="api.test.UserTests">
        <test-method is-config="true" signature="setUpData()[pri:0, instance:api.test.UserTests@36bc55de]" started-at="2023-05-12T12:10:01 EDT" name="setUpData" finished-at="2023-05-12T12:10:02 EDT" duration-ms="686" status="PASS">
          <reporter-output>
          </reporter-output>
        </test-method> <!-- setUpData -->
        <test-method signature="testPostUser()[pri:1, instance:api.test.UserTests@36bc55de]" started-at="2023-05-12T12:10:02 EDT" name="testPostUser" finished-at="2023-05-12T12:10:07 EDT" duration-ms="5199" status="PASS">
          <reporter-output>
          </reporter-output>
        </test-method> <!-- testPostUser -->
        <test-method signature="testGetUser()[pri:2, instance:api.test.UserTests@36bc55de]" started-at="2023-05-12T12:10:07 EDT" name="testGetUser" finished-at="2023-05-12T12:10:08 EDT" duration-ms="261" status="PASS">
          <reporter-output>
          </reporter-output>
        </test-method> <!-- testGetUser -->
        <test-method signature="testUpdateUser()[pri:3, instance:api.test.UserTests@36bc55de]" started-at="2023-05-12T12:10:08 EDT" name="testUpdateUser" finished-at="2023-05-12T12:10:08 EDT" duration-ms="484" status="PASS">
          <reporter-output>
          </reporter-output>
        </test-method> <!-- testUpdateUser -->
        <test-method signature="testDeleteUser()[pri:4, instance:api.test.UserTests@36bc55de]" started-at="2023-05-12T12:10:08 EDT" name="testDeleteUser" finished-at="2023-05-12T12:10:08 EDT" duration-ms="215" status="PASS">
          <reporter-output>
          </reporter-output>
        </test-method> <!-- testDeleteUser -->
      </class> <!-- api.test.UserTests -->
    </test> <!-- PetTest -->
  </suite> <!-- PetTestSuite -->
</testng-results>
